[2024-12-23T05:30:44.773Z] info: custom.css was copied to the config folder
[2024-12-23T05:30:44.773Z] info: custom.js was copied to the config folder
[2024-12-23T05:30:44.826Z] info: kubernetes.yaml was copied to the config folder
[2024-12-23T05:30:45.400Z] error: <httpProxy> Error calling https://pihole.porcupine-coho.ts.net/admin/admin/api.php...
[2024-12-23T05:30:45.402Z] error: <httpProxy> [
  500,
  Error: connect ECONNREFUSED 100.71.251.114:443
      at TCPConnectWrap.afterConnect [as oncomplete] (node:net:1555:16) {
    errno: -111,
    code: 'ECONNREFUSED',
    syscall: 'connect',
    address: '100.71.251.114',
    port: 443
  }
]
[2024-12-23T05:30:45.403Z] error: <httpProxy> Error calling https://pihole.porcupine-coho.ts.net/admin...
[2024-12-23T05:30:45.403Z] error: <httpProxy> [
  500,
  Error: connect ECONNREFUSED 100.71.251.114:443
      at TCPConnectWrap.afterConnect [as oncomplete] (node:net:1555:16) {
    errno: -111,
    code: 'ECONNREFUSED',
    syscall: 'connect',
    address: '100.71.251.114',
    port: 443
  }
]
[2024-12-23T05:30:45.409Z] error: <httpProxy> Error calling https://pihole.porcupine-coho.ts.net/admin...
[2024-12-23T05:30:45.410Z] error: <httpProxy> [
  500,
  Error: connect ECONNREFUSED 100.71.251.114:443
      at TCPConnectWrap.afterConnect [as oncomplete] (node:net:1555:16) {
    errno: -111,
    code: 'ECONNREFUSED',
    syscall: 'connect',
    address: '100.71.251.114',
    port: 443
  }
]
[2024-12-23T05:30:45.465Z] error: <httpProxy> Error calling https://pihole.porcupine-coho.ts.net/admin/admin/api.php...
[2024-12-23T05:30:45.466Z] error: <httpProxy> [
  500,
  Error: connect ECONNREFUSED 100.71.251.114:443
      at TCPConnectWrap.afterConnect [as oncomplete] (node:net:1555:16) {
    errno: -111,
    code: 'ECONNREFUSED',
    syscall: 'connect',
    address: '100.71.251.114',
    port: 443
  }
]
[2024-12-23T05:30:45.487Z] error: <httpProxy> Error calling https://pihole.porcupine-coho.ts.net/admin...
[2024-12-23T05:30:45.488Z] error: <httpProxy> [
  500,
  Error: connect ECONNREFUSED 100.71.251.114:443
      at TCPConnectWrap.afterConnect [as oncomplete] (node:net:1555:16) {
    errno: -111,
    code: 'ECONNREFUSED',
    syscall: 'connect',
    address: '100.71.251.114',
    port: 443
  }
]
[2024-12-23T05:30:45.491Z] error: <httpProxy> Error calling https://pihole.porcupine-coho.ts.net/admin...
[2024-12-23T05:30:45.491Z] error: <httpProxy> [
  500,
  Error: connect ECONNREFUSED 100.71.251.114:443
      at TCPConnectWrap.afterConnect [as oncomplete] (node:net:1555:16) {
    errno: -111,
    code: 'ECONNREFUSED',
    syscall: 'connect',
    address: '100.71.251.114',
    port: 443
  }
]
[2024-12-23T05:31:15.926Z] error: <httpProxy> Error calling https://pihole.porcupine-coho.ts.net/admin...
[2024-12-23T05:31:15.928Z] error: <httpProxy> [
  500,
  Error: connect ECONNREFUSED 100.71.251.114:443
      at TCPConnectWrap.afterConnect [as oncomplete] (node:net:1555:16) {
    errno: -111,
    code: 'ECONNREFUSED',
    syscall: 'connect',
    address: '100.71.251.114',
    port: 443
  }
]
[2024-12-23T05:31:15.937Z] error: <httpProxy> Error calling https://pihole.porcupine-coho.ts.net/admin...
[2024-12-23T05:31:15.937Z] error: <httpProxy> [
  500,
  Error: connect ECONNREFUSED 100.71.251.114:443
      at TCPConnectWrap.afterConnect [as oncomplete] (node:net:1555:16) {
    errno: -111,
    code: 'ECONNREFUSED',
    syscall: 'connect',
    address: '100.71.251.114',
    port: 443
  }
]
[2024-12-23T05:31:16.170Z] error: <httpProxy> Error calling https://pihole.porcupine-coho.ts.net/admin/api.php...
[2024-12-23T05:31:16.171Z] error: <httpProxy> [
  500,
  Error: connect ECONNREFUSED 100.71.251.114:443
      at TCPConnectWrap.afterConnect [as oncomplete] (node:net:1555:16) {
    errno: -111,
    code: 'ECONNREFUSED',
    syscall: 'connect',
    address: '100.71.251.114',
    port: 443
  }
]
[2024-12-23T05:31:16.631Z] error: <httpProxy> Error calling https://pihole.porcupine-coho.ts.net/admin...
[2024-12-23T05:31:16.631Z] error: <httpProxy> [
  500,
  Error: connect ECONNREFUSED 100.71.251.114:443
      at TCPConnectWrap.afterConnect [as oncomplete] (node:net:1555:16) {
    errno: -111,
    code: 'ECONNREFUSED',
    syscall: 'connect',
    address: '100.71.251.114',
    port: 443
  }
]
[2024-12-23T05:31:16.633Z] error: <httpProxy> Error calling https://pihole.porcupine-coho.ts.net/admin/api.php...
[2024-12-23T05:31:16.634Z] error: <httpProxy> [
  500,
  Error: connect ECONNREFUSED 100.71.251.114:443
      at TCPConnectWrap.afterConnect [as oncomplete] (node:net:1555:16) {
    errno: -111,
    code: 'ECONNREFUSED',
    syscall: 'connect',
    address: '100.71.251.114',
    port: 443
  }
]
[2024-12-23T05:31:16.635Z] error: <httpProxy> Error calling https://pihole.porcupine-coho.ts.net/admin...
[2024-12-23T05:31:16.635Z] error: <httpProxy> [
  500,
  Error: connect ECONNREFUSED 100.71.251.114:443
      at TCPConnectWrap.afterConnect [as oncomplete] (node:net:1555:16) {
    errno: -111,
    code: 'ECONNREFUSED',
    syscall: 'connect',
    address: '100.71.251.114',
    port: 443
  }
]
[2024-12-23T05:31:17.949Z] error: <httpProxy> Error calling https://pihole.porcupine-coho.ts.net/admin/api.php...
[2024-12-23T05:31:17.949Z] error: <httpProxy> [
  500,
  Error: connect ECONNREFUSED 100.71.251.114:443
      at TCPConnectWrap.afterConnect [as oncomplete] (node:net:1555:16) {
    errno: -111,
    code: 'ECONNREFUSED',
    syscall: 'connect',
    address: '100.71.251.114',
    port: 443
  }
]
[2024-12-23T05:31:17.950Z] error: <httpProxy> Error calling https://pihole.porcupine-coho.ts.net/admin...
[2024-12-23T05:31:17.950Z] error: <httpProxy> [
  500,
  Error: connect ECONNREFUSED 100.71.251.114:443
      at TCPConnectWrap.afterConnect [as oncomplete] (node:net:1555:16) {
    errno: -111,
    code: 'ECONNREFUSED',
    syscall: 'connect',
    address: '100.71.251.114',
    port: 443
  }
]
[2024-12-23T05:31:17.954Z] error: <httpProxy> Error calling https://pihole.porcupine-coho.ts.net/admin...
[2024-12-23T05:31:17.954Z] error: <httpProxy> [
  500,
  Error: connect ECONNREFUSED 100.71.251.114:443
      at TCPConnectWrap.afterConnect [as oncomplete] (node:net:1555:16) {
    errno: -111,
    code: 'ECONNREFUSED',
    syscall: 'connect',
    address: '100.71.251.114',
    port: 443
  }
]
[2024-12-23T05:31:47.929Z] error: <httpProxy> Error calling https://pihole.porcupine-coho.ts.net/admin...
[2024-12-23T05:31:47.929Z] error: <httpProxy> [
  500,
  Error: connect ECONNREFUSED 100.71.251.114:443
      at TCPConnectWrap.afterConnect [as oncomplete] (node:net:1555:16) {
    errno: -111,
    code: 'ECONNREFUSED',
    syscall: 'connect',
    address: '100.71.251.114',
    port: 443
  }
]
[2024-12-23T05:31:47.934Z] error: <httpProxy> Error calling https://pihole.porcupine-coho.ts.net/admin...
[2024-12-23T05:31:47.934Z] error: <httpProxy> [
  500,
  Error: connect ECONNREFUSED 100.71.251.114:443
      at TCPConnectWrap.afterConnect [as oncomplete] (node:net:1555:16) {
    errno: -111,
    code: 'ECONNREFUSED',
    syscall: 'connect',
    address: '100.71.251.114',
    port: 443
  }
]
[2024-12-23T05:32:17.950Z] error: <httpProxy> Error calling https://pihole.porcupine-coho.ts.net/admin...
[2024-12-23T05:32:17.950Z] error: <httpProxy> [
  500,
  Error: connect ECONNREFUSED 100.71.251.114:443
      at TCPConnectWrap.afterConnect [as oncomplete] (node:net:1555:16) {
    errno: -111,
    code: 'ECONNREFUSED',
    syscall: 'connect',
    address: '100.71.251.114',
    port: 443
  }
]
[2024-12-23T05:32:17.953Z] error: <httpProxy> Error calling https://pihole.porcupine-coho.ts.net/admin...
[2024-12-23T05:32:17.953Z] error: <httpProxy> [
  500,
  Error: connect ECONNREFUSED 100.71.251.114:443
      at TCPConnectWrap.afterConnect [as oncomplete] (node:net:1555:16) {
    errno: -111,
    code: 'ECONNREFUSED',
    syscall: 'connect',
    address: '100.71.251.114',
    port: 443
  }
]
[2024-12-23T05:32:47.968Z] error: <httpProxy> Error calling https://pihole.porcupine-coho.ts.net/admin...
[2024-12-23T05:32:47.968Z] error: <httpProxy> [
  500,
  Error: connect ECONNREFUSED 100.71.251.114:443
      at TCPConnectWrap.afterConnect [as oncomplete] (node:net:1555:16) {
    errno: -111,
    code: 'ECONNREFUSED',
    syscall: 'connect',
    address: '100.71.251.114',
    port: 443
  }
]
[2024-12-23T05:32:47.971Z] error: <httpProxy> Error calling https://pihole.porcupine-coho.ts.net/admin...
[2024-12-23T05:32:47.972Z] error: <httpProxy> [
  500,
  Error: connect ECONNREFUSED 100.71.251.114:443
      at TCPConnectWrap.afterConnect [as oncomplete] (node:net:1555:16) {
    errno: -111,
    code: 'ECONNREFUSED',
    syscall: 'connect',
    address: '100.71.251.114',
    port: 443
  }
]
[2024-12-23T05:33:17.987Z] error: <httpProxy> Error calling https://pihole.porcupine-coho.ts.net/admin...
[2024-12-23T05:33:17.987Z] error: <httpProxy> [
  500,
  Error: connect ECONNREFUSED 100.71.251.114:443
      at TCPConnectWrap.afterConnect [as oncomplete] (node:net:1555:16) {
    errno: -111,
    code: 'ECONNREFUSED',
    syscall: 'connect',
    address: '100.71.251.114',
    port: 443
  }
]
[2024-12-23T05:33:17.990Z] error: <httpProxy> Error calling https://pihole.porcupine-coho.ts.net/admin...
[2024-12-23T05:33:17.991Z] error: <httpProxy> [
  500,
  Error: connect ECONNREFUSED 100.71.251.114:443
      at TCPConnectWrap.afterConnect [as oncomplete] (node:net:1555:16) {
    errno: -111,
    code: 'ECONNREFUSED',
    syscall: 'connect',
    address: '100.71.251.114',
    port: 443
  }
]
[2024-12-23T05:33:48.006Z] error: <httpProxy> Error calling https://pihole.porcupine-coho.ts.net/admin...
[2024-12-23T05:33:48.006Z] error: <httpProxy> [
  500,
  Error: connect ECONNREFUSED 100.71.251.114:443
      at TCPConnectWrap.afterConnect [as oncomplete] (node:net:1555:16) {
    errno: -111,
    code: 'ECONNREFUSED',
    syscall: 'connect',
    address: '100.71.251.114',
    port: 443
  }
]
[2024-12-23T05:33:48.009Z] error: <httpProxy> Error calling https://pihole.porcupine-coho.ts.net/admin...
[2024-12-23T05:33:48.009Z] error: <httpProxy> [
  500,
  Error: connect ECONNREFUSED 100.71.251.114:443
      at TCPConnectWrap.afterConnect [as oncomplete] (node:net:1555:16) {
    errno: -111,
    code: 'ECONNREFUSED',
    syscall: 'connect',
    address: '100.71.251.114',
    port: 443
  }
]
[2024-12-23T05:34:18.027Z] error: <httpProxy> Error calling https://pihole.porcupine-coho.ts.net/admin...
[2024-12-23T05:34:18.028Z] error: <httpProxy> [
  500,
  Error: connect ECONNREFUSED 100.71.251.114:443
      at TCPConnectWrap.afterConnect [as oncomplete] (node:net:1555:16) {
    errno: -111,
    code: 'ECONNREFUSED',
    syscall: 'connect',
    address: '100.71.251.114',
    port: 443
  }
]
[2024-12-23T05:34:18.031Z] error: <httpProxy> Error calling https://pihole.porcupine-coho.ts.net/admin...
[2024-12-23T05:34:18.031Z] error: <httpProxy> [
  500,
  Error: connect ECONNREFUSED 100.71.251.114:443
      at TCPConnectWrap.afterConnect [as oncomplete] (node:net:1555:16) {
    errno: -111,
    code: 'ECONNREFUSED',
    syscall: 'connect',
    address: '100.71.251.114',
    port: 443
  }
]
[2024-12-23T05:34:48.047Z] error: <httpProxy> Error calling https://pihole.porcupine-coho.ts.net/admin...
[2024-12-23T05:34:48.047Z] error: <httpProxy> [
  500,
  Error: connect ECONNREFUSED 100.71.251.114:443
      at TCPConnectWrap.afterConnect [as oncomplete] (node:net:1555:16) {
    errno: -111,
    code: 'ECONNREFUSED',
    syscall: 'connect',
    address: '100.71.251.114',
    port: 443
  }
]
[2024-12-23T05:34:48.051Z] error: <httpProxy> Error calling https://pihole.porcupine-coho.ts.net/admin...
[2024-12-23T05:34:48.051Z] error: <httpProxy> [
  500,
  Error: connect ECONNREFUSED 100.71.251.114:443
      at TCPConnectWrap.afterConnect [as oncomplete] (node:net:1555:16) {
    errno: -111,
    code: 'ECONNREFUSED',
    syscall: 'connect',
    address: '100.71.251.114',
    port: 443
  }
]
[2024-12-23T05:35:18.070Z] error: <httpProxy> Error calling https://pihole.porcupine-coho.ts.net/admin...
[2024-12-23T05:35:18.070Z] error: <httpProxy> [
  500,
  Error: connect ECONNREFUSED 100.71.251.114:443
      at TCPConnectWrap.afterConnect [as oncomplete] (node:net:1555:16) {
    errno: -111,
    code: 'ECONNREFUSED',
    syscall: 'connect',
    address: '100.71.251.114',
    port: 443
  }
]
[2024-12-23T05:35:18.073Z] error: <httpProxy> Error calling https://pihole.porcupine-coho.ts.net/admin...
[2024-12-23T05:35:18.073Z] error: <httpProxy> [
  500,
  Error: connect ECONNREFUSED 100.71.251.114:443
      at TCPConnectWrap.afterConnect [as oncomplete] (node:net:1555:16) {
    errno: -111,
    code: 'ECONNREFUSED',
    syscall: 'connect',
    address: '100.71.251.114',
    port: 443
  }
]
[2024-12-23T05:35:48.092Z] error: <httpProxy> Error calling https://pihole.porcupine-coho.ts.net/admin...
[2024-12-23T05:35:48.093Z] error: <httpProxy> [
  500,
  Error: connect ECONNREFUSED 100.71.251.114:443
      at TCPConnectWrap.afterConnect [as oncomplete] (node:net:1555:16) {
    errno: -111,
    code: 'ECONNREFUSED',
    syscall: 'connect',
    address: '100.71.251.114',
    port: 443
  }
]
[2024-12-23T05:35:48.096Z] error: <httpProxy> Error calling https://pihole.porcupine-coho.ts.net/admin...
[2024-12-23T05:35:48.096Z] error: <httpProxy> [
  500,
  Error: connect ECONNREFUSED 100.71.251.114:443
      at TCPConnectWrap.afterConnect [as oncomplete] (node:net:1555:16) {
    errno: -111,
    code: 'ECONNREFUSED',
    syscall: 'connect',
    address: '100.71.251.114',
    port: 443
  }
]
[2024-12-23T05:36:18.114Z] error: <httpProxy> Error calling https://pihole.porcupine-coho.ts.net/admin...
[2024-12-23T05:36:18.114Z] error: <httpProxy> [
  500,
  Error: connect ECONNREFUSED 100.71.251.114:443
      at TCPConnectWrap.afterConnect [as oncomplete] (node:net:1555:16) {
    errno: -111,
    code: 'ECONNREFUSED',
    syscall: 'connect',
    address: '100.71.251.114',
    port: 443
  }
]
[2024-12-23T05:36:18.117Z] error: <httpProxy> Error calling https://pihole.porcupine-coho.ts.net/admin...
[2024-12-23T05:36:18.117Z] error: <httpProxy> [
  500,
  Error: connect ECONNREFUSED 100.71.251.114:443
      at TCPConnectWrap.afterConnect [as oncomplete] (node:net:1555:16) {
    errno: -111,
    code: 'ECONNREFUSED',
    syscall: 'connect',
    address: '100.71.251.114',
    port: 443
  }
]
[2024-12-23T05:36:48.136Z] error: <httpProxy> Error calling https://pihole.porcupine-coho.ts.net/admin...
[2024-12-23T05:36:48.136Z] error: <httpProxy> [
  500,
  Error: connect ECONNREFUSED 100.71.251.114:443
      at TCPConnectWrap.afterConnect [as oncomplete] (node:net:1555:16) {
    errno: -111,
    code: 'ECONNREFUSED',
    syscall: 'connect',
    address: '100.71.251.114',
    port: 443
  }
]
[2024-12-23T05:36:48.138Z] error: <httpProxy> Error calling https://pihole.porcupine-coho.ts.net/admin...
[2024-12-23T05:36:48.139Z] error: <httpProxy> [
  500,
  Error: connect ECONNREFUSED 100.71.251.114:443
      at TCPConnectWrap.afterConnect [as oncomplete] (node:net:1555:16) {
    errno: -111,
    code: 'ECONNREFUSED',
    syscall: 'connect',
    address: '100.71.251.114',
    port: 443
  }
]
[2024-12-23T05:37:18.152Z] error: <httpProxy> Error calling https://pihole.porcupine-coho.ts.net/admin...
[2024-12-23T05:37:18.152Z] error: <httpProxy> [
  500,
  Error: connect ECONNREFUSED 100.71.251.114:443
      at TCPConnectWrap.afterConnect [as oncomplete] (node:net:1555:16) {
    errno: -111,
    code: 'ECONNREFUSED',
    syscall: 'connect',
    address: '100.71.251.114',
    port: 443
  }
]
[2024-12-23T05:37:18.155Z] error: <httpProxy> Error calling https://pihole.porcupine-coho.ts.net/admin...
[2024-12-23T05:37:18.155Z] error: <httpProxy> [
  500,
  Error: connect ECONNREFUSED 100.71.251.114:443
      at TCPConnectWrap.afterConnect [as oncomplete] (node:net:1555:16) {
    errno: -111,
    code: 'ECONNREFUSED',
    syscall: 'connect',
    address: '100.71.251.114',
    port: 443
  }
]
[2024-12-23T05:37:48.176Z] error: <httpProxy> Error calling https://pihole.porcupine-coho.ts.net/admin...
[2024-12-23T05:37:48.176Z] error: <httpProxy> [
  500,
  Error: connect ECONNREFUSED 100.71.251.114:443
      at TCPConnectWrap.afterConnect [as oncomplete] (node:net:1555:16) {
    errno: -111,
    code: 'ECONNREFUSED',
    syscall: 'connect',
    address: '100.71.251.114',
    port: 443
  }
]
[2024-12-23T05:37:48.180Z] error: <httpProxy> Error calling https://pihole.porcupine-coho.ts.net/admin...
[2024-12-23T05:37:48.180Z] error: <httpProxy> [
  500,
  Error: connect ECONNREFUSED 100.71.251.114:443
      at TCPConnectWrap.afterConnect [as oncomplete] (node:net:1555:16) {
    errno: -111,
    code: 'ECONNREFUSED',
    syscall: 'connect',
    address: '100.71.251.114',
    port: 443
  }
]
[2024-12-23T05:38:18.204Z] error: <httpProxy> Error calling https://pihole.porcupine-coho.ts.net/admin...
[2024-12-23T05:38:18.205Z] error: <httpProxy> [
  500,
  Error: connect ECONNREFUSED 100.71.251.114:443
      at TCPConnectWrap.afterConnect [as oncomplete] (node:net:1555:16) {
    errno: -111,
    code: 'ECONNREFUSED',
    syscall: 'connect',
    address: '100.71.251.114',
    port: 443
  }
]
[2024-12-23T05:38:18.208Z] error: <httpProxy> Error calling https://pihole.porcupine-coho.ts.net/admin...
[2024-12-23T05:38:18.208Z] error: <httpProxy> [
  500,
  Error: connect ECONNREFUSED 100.71.251.114:443
      at TCPConnectWrap.afterConnect [as oncomplete] (node:net:1555:16) {
    errno: -111,
    code: 'ECONNREFUSED',
    syscall: 'connect',
    address: '100.71.251.114',
    port: 443
  }
]
[2024-12-23T05:38:29.555Z] error: <httpProxy> Error calling https://pihole.porcupine-coho.ts.net/admin...
[2024-12-23T05:38:29.556Z] error: <httpProxy> [
  500,
  Error: connect ECONNREFUSED 100.71.251.114:443
      at TCPConnectWrap.afterConnect [as oncomplete] (node:net:1555:16) {
    errno: -111,
    code: 'ECONNREFUSED',
    syscall: 'connect',
    address: '100.71.251.114',
    port: 443
  }
]
[2024-12-23T05:38:29.619Z] error: <httpProxy> Error calling https://pihole.porcupine-coho.ts.net/admin...
[2024-12-23T05:38:29.619Z] error: <httpProxy> [
  500,
  Error: connect ECONNREFUSED 100.71.251.114:443
      at TCPConnectWrap.afterConnect [as oncomplete] (node:net:1555:16) {
    errno: -111,
    code: 'ECONNREFUSED',
    syscall: 'connect',
    address: '100.71.251.114',
    port: 443
  }
]
[2024-12-23T05:38:29.692Z] error: <httpProxy> Error calling https://pihole.porcupine-coho.ts.net/admin/api.php...
[2024-12-23T05:38:29.692Z] error: <httpProxy> [
  500,
  Error: connect ECONNREFUSED 100.71.251.114:443
      at TCPConnectWrap.afterConnect [as oncomplete] (node:net:1555:16) {
    errno: -111,
    code: 'ECONNREFUSED',
    syscall: 'connect',
    address: '100.71.251.114',
    port: 443
  }
]
[2024-12-23T05:38:29.952Z] error: <httpProxy> Error calling https://pihole.porcupine-coho.ts.net/admin...
[2024-12-23T05:38:29.953Z] error: <httpProxy> [
  500,
  Error: connect ECONNREFUSED 100.71.251.114:443
      at TCPConnectWrap.afterConnect [as oncomplete] (node:net:1555:16) {
    errno: -111,
    code: 'ECONNREFUSED',
    syscall: 'connect',
    address: '100.71.251.114',
    port: 443
  }
]
[2024-12-23T05:38:29.956Z] error: <httpProxy> Error calling https://pihole.porcupine-coho.ts.net/admin/api.php...
[2024-12-23T05:38:29.956Z] error: <httpProxy> [
  500,
  Error: connect ECONNREFUSED 100.71.251.114:443
      at TCPConnectWrap.afterConnect [as oncomplete] (node:net:1555:16) {
    errno: -111,
    code: 'ECONNREFUSED',
    syscall: 'connect',
    address: '100.71.251.114',
    port: 443
  }
]
[2024-12-23T05:38:29.957Z] error: <httpProxy> Error calling https://pihole.porcupine-coho.ts.net/admin...
[2024-12-23T05:38:29.957Z] error: <httpProxy> [
  500,
  Error: connect ECONNREFUSED 100.71.251.114:443
      at TCPConnectWrap.afterConnect [as oncomplete] (node:net:1555:16) {
    errno: -111,
    code: 'ECONNREFUSED',
    syscall: 'connect',
    address: '100.71.251.114',
    port: 443
  }
]
[2024-12-23T05:38:59.961Z] error: <httpProxy> Error calling https://pihole.porcupine-coho.ts.net/admin...
[2024-12-23T05:38:59.961Z] error: <httpProxy> [
  500,
  Error: connect ECONNREFUSED 100.71.251.114:443
      at TCPConnectWrap.afterConnect [as oncomplete] (node:net:1555:16) {
    errno: -111,
    code: 'ECONNREFUSED',
    syscall: 'connect',
    address: '100.71.251.114',
    port: 443
  }
]
[2024-12-23T05:38:59.964Z] error: <httpProxy> Error calling https://pihole.porcupine-coho.ts.net/admin...
[2024-12-23T05:38:59.964Z] error: <httpProxy> [
  500,
  Error: connect ECONNREFUSED 100.71.251.114:443
      at TCPConnectWrap.afterConnect [as oncomplete] (node:net:1555:16) {
    errno: -111,
    code: 'ECONNREFUSED',
    syscall: 'connect',
    address: '100.71.251.114',
    port: 443
  }
]
[2024-12-23T05:39:29.986Z] error: <httpProxy> Error calling https://pihole.porcupine-coho.ts.net/admin...
[2024-12-23T05:39:29.986Z] error: <httpProxy> [
  500,
  Error: connect ECONNREFUSED 100.71.251.114:443
      at TCPConnectWrap.afterConnect [as oncomplete] (node:net:1555:16) {
    errno: -111,
    code: 'ECONNREFUSED',
    syscall: 'connect',
    address: '100.71.251.114',
    port: 443
  }
]
[2024-12-23T05:39:29.990Z] error: <httpProxy> Error calling https://pihole.porcupine-coho.ts.net/admin...
[2024-12-23T05:39:29.990Z] error: <httpProxy> [
  500,
  Error: connect ECONNREFUSED 100.71.251.114:443
      at TCPConnectWrap.afterConnect [as oncomplete] (node:net:1555:16) {
    errno: -111,
    code: 'ECONNREFUSED',
    syscall: 'connect',
    address: '100.71.251.114',
    port: 443
  }
]
[2024-12-23T05:39:52.831Z] error: <httpProxy> Error calling https://pihole.porcupine-coho.ts.net/admin/api.php...
[2024-12-23T05:39:52.832Z] error: <httpProxy> [
  500,
  Error: connect ECONNREFUSED 100.71.251.114:443
      at TCPConnectWrap.afterConnect [as oncomplete] (node:net:1555:16) {
    errno: -111,
    code: 'ECONNREFUSED',
    syscall: 'connect',
    address: '100.71.251.114',
    port: 443
  }
]
[2024-12-23T05:39:52.852Z] error: <httpProxy> Error calling https://pihole.porcupine-coho.ts.net/admin...
[2024-12-23T05:39:52.852Z] error: <httpProxy> [
  500,
  Error: connect ECONNREFUSED 100.71.251.114:443
      at TCPConnectWrap.afterConnect [as oncomplete] (node:net:1555:16) {
    errno: -111,
    code: 'ECONNREFUSED',
    syscall: 'connect',
    address: '100.71.251.114',
    port: 443
  }
]
[2024-12-23T05:39:52.902Z] error: <httpProxy> Error calling https://pihole.porcupine-coho.ts.net/admin...
[2024-12-23T05:39:52.902Z] error: <httpProxy> [
  500,
  Error: connect ECONNREFUSED 100.71.251.114:443
      at TCPConnectWrap.afterConnect [as oncomplete] (node:net:1555:16) {
    errno: -111,
    code: 'ECONNREFUSED',
    syscall: 'connect',
    address: '100.71.251.114',
    port: 443
  }
]
[2024-12-23T05:39:53.195Z] error: <httpProxy> Error calling https://pihole.porcupine-coho.ts.net/admin...
[2024-12-23T05:39:53.196Z] error: <httpProxy> [
  500,
  Error: connect ECONNREFUSED 100.71.251.114:443
      at TCPConnectWrap.afterConnect [as oncomplete] (node:net:1555:16) {
    errno: -111,
    code: 'ECONNREFUSED',
    syscall: 'connect',
    address: '100.71.251.114',
    port: 443
  }
]
[2024-12-23T05:39:53.199Z] error: <httpProxy> Error calling https://pihole.porcupine-coho.ts.net/admin/api.php...
[2024-12-23T05:39:53.200Z] error: <httpProxy> [
  500,
  Error: connect ECONNREFUSED 100.71.251.114:443
      at TCPConnectWrap.afterConnect [as oncomplete] (node:net:1555:16) {
    errno: -111,
    code: 'ECONNREFUSED',
    syscall: 'connect',
    address: '100.71.251.114',
    port: 443
  }
]
[2024-12-23T05:39:53.200Z] error: <httpProxy> Error calling https://pihole.porcupine-coho.ts.net/admin...
[2024-12-23T05:39:53.201Z] error: <httpProxy> [
  500,
  Error: connect ECONNREFUSED 100.71.251.114:443
      at TCPConnectWrap.afterConnect [as oncomplete] (node:net:1555:16) {
    errno: -111,
    code: 'ECONNREFUSED',
    syscall: 'connect',
    address: '100.71.251.114',
    port: 443
  }
]
[2024-12-23T05:40:23.168Z] error: can not read an implicit mapping pair; a colon is missed (19:13)

 16 |         description: "Coder is a web-based  ...
 17 |         server: gtr
 18 |         container: coder
 19 |         show
------------------^
[2024-12-23T05:40:33.183Z] error: can not read an implicit mapping pair; a colon is missed (19:13)

 16 |         description: "Coder is a web-based  ...
 17 |         server: gtr
 18 |         container: coder
 19 |         show
------------------^
[2024-12-23T05:40:43.198Z] error: can not read an implicit mapping pair; a colon is missed (19:13)

 16 |         description: "Coder is a web-based  ...
 17 |         server: gtr
 18 |         container: coder
 19 |         show
------------------^
[2024-12-23T05:41:28.212Z] error: can not read an implicit mapping pair; a colon is missed (19:13)

 16 |         description: "Coder is a web-based  ...
 17 |         server: gtr
 18 |         container: coder
 19 |         show
------------------^
[2024-12-23T05:42:53.227Z] error: <httpProxy> Error calling https://pihole.porcupine-coho.ts.net/admin...
[2024-12-23T05:42:53.228Z] error: <httpProxy> [
  500,
  Error: connect ECONNREFUSED 100.71.251.114:443
      at TCPConnectWrap.afterConnect [as oncomplete] (node:net:1555:16) {
    errno: -111,
    code: 'ECONNREFUSED',
    syscall: 'connect',
    address: '100.71.251.114',
    port: 443
  }
]
[2024-12-23T05:42:53.231Z] error: <httpProxy> Error calling https://pihole.porcupine-coho.ts.net/admin...
[2024-12-23T05:42:53.231Z] error: <httpProxy> [
  500,
  Error: connect ECONNREFUSED 100.71.251.114:443
      at TCPConnectWrap.afterConnect [as oncomplete] (node:net:1555:16) {
    errno: -111,
    code: 'ECONNREFUSED',
    syscall: 'connect',
    address: '100.71.251.114',
    port: 443
  }
]
[2024-12-23T05:43:23.193Z] error: <httpProxy> Error calling https://pihole.porcupine-coho.ts.net/admin...
[2024-12-23T05:43:23.194Z] error: <httpProxy> [
  500,
  Error: connect ECONNREFUSED 100.71.251.114:443
      at TCPConnectWrap.afterConnect [as oncomplete] (node:net:1555:16) {
    errno: -111,
    code: 'ECONNREFUSED',
    syscall: 'connect',
    address: '100.71.251.114',
    port: 443
  }
]
[2024-12-23T05:43:23.197Z] error: <httpProxy> Error calling https://pihole.porcupine-coho.ts.net/admin...
[2024-12-23T05:43:23.197Z] error: <httpProxy> [
  500,
  Error: connect ECONNREFUSED 100.71.251.114:443
      at TCPConnectWrap.afterConnect [as oncomplete] (node:net:1555:16) {
    errno: -111,
    code: 'ECONNREFUSED',
    syscall: 'connect',
    address: '100.71.251.114',
    port: 443
  }
]
[2024-12-23T05:43:53.217Z] error: <httpProxy> Error calling https://pihole.porcupine-coho.ts.net/admin...
[2024-12-23T05:43:53.217Z] error: <httpProxy> [
  500,
  Error: connect ECONNREFUSED 100.71.251.114:443
      at TCPConnectWrap.afterConnect [as oncomplete] (node:net:1555:16) {
    errno: -111,
    code: 'ECONNREFUSED',
    syscall: 'connect',
    address: '100.71.251.114',
    port: 443
  }
]
[2024-12-23T05:43:53.220Z] error: <httpProxy> Error calling https://pihole.porcupine-coho.ts.net/admin...
[2024-12-23T05:43:53.221Z] error: <httpProxy> [
  500,
  Error: connect ECONNREFUSED 100.71.251.114:443
      at TCPConnectWrap.afterConnect [as oncomplete] (node:net:1555:16) {
    errno: -111,
    code: 'ECONNREFUSED',
    syscall: 'connect',
    address: '100.71.251.114',
    port: 443
  }
]
[2024-12-23T05:44:23.239Z] error: <httpProxy> Error calling https://pihole.porcupine-coho.ts.net/admin...
[2024-12-23T05:44:23.240Z] error: <httpProxy> [
  500,
  Error: connect ECONNREFUSED 100.71.251.114:443
      at TCPConnectWrap.afterConnect [as oncomplete] (node:net:1555:16) {
    errno: -111,
    code: 'ECONNREFUSED',
    syscall: 'connect',
    address: '100.71.251.114',
    port: 443
  }
]
[2024-12-23T05:44:23.242Z] error: <httpProxy> Error calling https://pihole.porcupine-coho.ts.net/admin...
[2024-12-23T05:44:23.242Z] error: <httpProxy> [
  500,
  Error: connect ECONNREFUSED 100.71.251.114:443
      at TCPConnectWrap.afterConnect [as oncomplete] (node:net:1555:16) {
    errno: -111,
    code: 'ECONNREFUSED',
    syscall: 'connect',
    address: '100.71.251.114',
    port: 443
  }
]
[2024-12-23T05:44:53.266Z] error: <httpProxy> Error calling https://pihole.porcupine-coho.ts.net/admin...
[2024-12-23T05:44:53.266Z] error: <httpProxy> [
  500,
  Error: connect ECONNREFUSED 100.71.251.114:443
      at TCPConnectWrap.afterConnect [as oncomplete] (node:net:1555:16) {
    errno: -111,
    code: 'ECONNREFUSED',
    syscall: 'connect',
    address: '100.71.251.114',
    port: 443
  }
]
[2024-12-23T05:44:53.269Z] error: <httpProxy> Error calling https://pihole.porcupine-coho.ts.net/admin...
[2024-12-23T05:44:53.270Z] error: <httpProxy> [
  500,
  Error: connect ECONNREFUSED 100.71.251.114:443
      at TCPConnectWrap.afterConnect [as oncomplete] (node:net:1555:16) {
    errno: -111,
    code: 'ECONNREFUSED',
    syscall: 'connect',
    address: '100.71.251.114',
    port: 443
  }
]
[2024-12-23T05:45:35.542Z] error: <httpProxy> Error calling https://pihole.porcupine-coho.ts.net/admin...
[2024-12-23T05:45:35.542Z] error: <httpProxy> [
  500,
  Error: connect ECONNREFUSED 100.71.251.114:443
      at TCPConnectWrap.afterConnect [as oncomplete] (node:net:1555:16) {
    errno: -111,
    code: 'ECONNREFUSED',
    syscall: 'connect',
    address: '100.71.251.114',
    port: 443
  }
]
[2024-12-23T05:45:35.600Z] error: <httpProxy> Error calling https://pihole.porcupine-coho.ts.net/admin...
[2024-12-23T05:45:35.601Z] error: <httpProxy> [
  500,
  Error: connect ECONNREFUSED 100.71.251.114:443
      at TCPConnectWrap.afterConnect [as oncomplete] (node:net:1555:16) {
    errno: -111,
    code: 'ECONNREFUSED',
    syscall: 'connect',
    address: '100.71.251.114',
    port: 443
  }
]
[2024-12-23T05:45:35.606Z] error: <httpProxy> Error calling https://pihole.porcupine-coho.ts.net/admin/api.php...
[2024-12-23T05:45:35.606Z] error: <httpProxy> [
  500,
  Error: connect ECONNREFUSED 100.71.251.114:443
      at TCPConnectWrap.afterConnect [as oncomplete] (node:net:1555:16) {
    errno: -111,
    code: 'ECONNREFUSED',
    syscall: 'connect',
    address: '100.71.251.114',
    port: 443
  }
]
[2024-12-23T05:46:05.511Z] error: <httpProxy> Error calling https://pihole.porcupine-coho.ts.net/admin...
[2024-12-23T05:46:05.511Z] error: <httpProxy> [
  500,
  Error: connect ECONNREFUSED 100.71.251.114:443
      at TCPConnectWrap.afterConnect [as oncomplete] (node:net:1555:16) {
    errno: -111,
    code: 'ECONNREFUSED',
    syscall: 'connect',
    address: '100.71.251.114',
    port: 443
  }
]
[2024-12-23T05:46:05.515Z] error: <httpProxy> Error calling https://pihole.porcupine-coho.ts.net/admin...
[2024-12-23T05:46:05.515Z] error: <httpProxy> [
  500,
  Error: connect ECONNREFUSED 100.71.251.114:443
      at TCPConnectWrap.afterConnect [as oncomplete] (node:net:1555:16) {
    errno: -111,
    code: 'ECONNREFUSED',
    syscall: 'connect',
    address: '100.71.251.114',
    port: 443
  }
]
[2024-12-23T05:46:35.533Z] error: <httpProxy> Error calling https://pihole.porcupine-coho.ts.net/admin...
[2024-12-23T05:46:35.533Z] error: <httpProxy> [
  500,
  Error: connect ECONNREFUSED 100.71.251.114:443
      at TCPConnectWrap.afterConnect [as oncomplete] (node:net:1555:16) {
    errno: -111,
    code: 'ECONNREFUSED',
    syscall: 'connect',
    address: '100.71.251.114',
    port: 443
  }
]
[2024-12-23T05:46:35.536Z] error: <httpProxy> Error calling https://pihole.porcupine-coho.ts.net/admin...
[2024-12-23T05:46:35.536Z] error: <httpProxy> [
  500,
  Error: connect ECONNREFUSED 100.71.251.114:443
      at TCPConnectWrap.afterConnect [as oncomplete] (node:net:1555:16) {
    errno: -111,
    code: 'ECONNREFUSED',
    syscall: 'connect',
    address: '100.71.251.114',
    port: 443
  }
]
[2024-12-23T05:47:05.554Z] error: <httpProxy> Error calling https://pihole.porcupine-coho.ts.net/admin...
[2024-12-23T05:47:05.554Z] error: <httpProxy> [
  500,
  Error: connect ECONNREFUSED 100.71.251.114:443
      at TCPConnectWrap.afterConnect [as oncomplete] (node:net:1555:16) {
    errno: -111,
    code: 'ECONNREFUSED',
    syscall: 'connect',
    address: '100.71.251.114',
    port: 443
  }
]
[2024-12-23T05:47:05.558Z] error: <httpProxy> Error calling https://pihole.porcupine-coho.ts.net/admin...
[2024-12-23T05:47:05.558Z] error: <httpProxy> [
  500,
  Error: connect ECONNREFUSED 100.71.251.114:443
      at TCPConnectWrap.afterConnect [as oncomplete] (node:net:1555:16) {
    errno: -111,
    code: 'ECONNREFUSED',
    syscall: 'connect',
    address: '100.71.251.114',
    port: 443
  }
]
[2024-12-23T05:47:35.579Z] error: <httpProxy> Error calling https://pihole.porcupine-coho.ts.net/admin...
[2024-12-23T05:47:35.579Z] error: <httpProxy> [
  500,
  Error: connect ECONNREFUSED 100.71.251.114:443
      at TCPConnectWrap.afterConnect [as oncomplete] (node:net:1555:16) {
    errno: -111,
    code: 'ECONNREFUSED',
    syscall: 'connect',
    address: '100.71.251.114',
    port: 443
  }
]
[2024-12-23T05:47:35.583Z] error: <httpProxy> Error calling https://pihole.porcupine-coho.ts.net/admin...
[2024-12-23T05:47:35.584Z] error: <httpProxy> [
  500,
  Error: connect ECONNREFUSED 100.71.251.114:443
      at TCPConnectWrap.afterConnect [as oncomplete] (node:net:1555:16) {
    errno: -111,
    code: 'ECONNREFUSED',
    syscall: 'connect',
    address: '100.71.251.114',
    port: 443
  }
]
[2024-12-23T05:48:05.599Z] error: <httpProxy> Error calling https://pihole.porcupine-coho.ts.net/admin...
[2024-12-23T05:48:05.599Z] error: <httpProxy> [
  500,
  Error: connect ECONNREFUSED 100.71.251.114:443
      at TCPConnectWrap.afterConnect [as oncomplete] (node:net:1555:16) {
    errno: -111,
    code: 'ECONNREFUSED',
    syscall: 'connect',
    address: '100.71.251.114',
    port: 443
  }
]
[2024-12-23T05:48:05.602Z] error: <httpProxy> Error calling https://pihole.porcupine-coho.ts.net/admin...
[2024-12-23T05:48:05.602Z] error: <httpProxy> [
  500,
  Error: connect ECONNREFUSED 100.71.251.114:443
      at TCPConnectWrap.afterConnect [as oncomplete] (node:net:1555:16) {
    errno: -111,
    code: 'ECONNREFUSED',
    syscall: 'connect',
    address: '100.71.251.114',
    port: 443
  }
]
[2024-12-23T05:48:35.622Z] error: <httpProxy> Error calling https://pihole.porcupine-coho.ts.net/admin...
[2024-12-23T05:48:35.622Z] error: <httpProxy> [
  500,
  Error: connect ECONNREFUSED 100.71.251.114:443
      at TCPConnectWrap.afterConnect [as oncomplete] (node:net:1555:16) {
    errno: -111,
    code: 'ECONNREFUSED',
    syscall: 'connect',
    address: '100.71.251.114',
    port: 443
  }
]
[2024-12-23T05:48:35.625Z] error: <httpProxy> Error calling https://pihole.porcupine-coho.ts.net/admin...
[2024-12-23T05:48:35.625Z] error: <httpProxy> [
  500,
  Error: connect ECONNREFUSED 100.71.251.114:443
      at TCPConnectWrap.afterConnect [as oncomplete] (node:net:1555:16) {
    errno: -111,
    code: 'ECONNREFUSED',
    syscall: 'connect',
    address: '100.71.251.114',
    port: 443
  }
]
[2024-12-23T05:49:05.644Z] error: <httpProxy> Error calling https://pihole.porcupine-coho.ts.net/admin...
[2024-12-23T05:49:05.644Z] error: <httpProxy> [
  500,
  Error: connect ECONNREFUSED 100.71.251.114:443
      at TCPConnectWrap.afterConnect [as oncomplete] (node:net:1555:16) {
    errno: -111,
    code: 'ECONNREFUSED',
    syscall: 'connect',
    address: '100.71.251.114',
    port: 443
  }
]
[2024-12-23T05:49:05.647Z] error: <httpProxy> Error calling https://pihole.porcupine-coho.ts.net/admin...
[2024-12-23T05:49:05.648Z] error: <httpProxy> [
  500,
  Error: connect ECONNREFUSED 100.71.251.114:443
      at TCPConnectWrap.afterConnect [as oncomplete] (node:net:1555:16) {
    errno: -111,
    code: 'ECONNREFUSED',
    syscall: 'connect',
    address: '100.71.251.114',
    port: 443
  }
]
[2024-12-23T05:49:35.668Z] error: <httpProxy> Error calling https://pihole.porcupine-coho.ts.net/admin...
[2024-12-23T05:49:35.669Z] error: <httpProxy> [
  500,
  Error: connect ECONNREFUSED 100.71.251.114:443
      at TCPConnectWrap.afterConnect [as oncomplete] (node:net:1555:16) {
    errno: -111,
    code: 'ECONNREFUSED',
    syscall: 'connect',
    address: '100.71.251.114',
    port: 443
  }
]
[2024-12-23T05:49:35.671Z] error: <httpProxy> Error calling https://pihole.porcupine-coho.ts.net/admin...
[2024-12-23T05:49:35.672Z] error: <httpProxy> [
  500,
  Error: connect ECONNREFUSED 100.71.251.114:443
      at TCPConnectWrap.afterConnect [as oncomplete] (node:net:1555:16) {
    errno: -111,
    code: 'ECONNREFUSED',
    syscall: 'connect',
    address: '100.71.251.114',
    port: 443
  }
]
[2024-12-23T05:50:23.780Z] error: undefined
[2024-12-23T05:50:59.620Z] error: <dockerStatusService> Error: connect ENOENT dockerproxy
    at PipeConnectWrap.afterConnect [as oncomplete] (node:net:1555:16)
[2024-12-23T05:50:59.684Z] error: <httpProxy> Error calling https://pihole.porcupine-coho.ts.net/admin...
[2024-12-23T05:50:59.685Z] error: <httpProxy> [
  500,
  Error: connect ECONNREFUSED 100.71.251.114:443
      at TCPConnectWrap.afterConnect [as oncomplete] (node:net:1555:16) {
    errno: -111,
    code: 'ECONNREFUSED',
    syscall: 'connect',
    address: '100.71.251.114',
    port: 443
  }
]
[2024-12-23T05:50:59.687Z] error: <httpProxy> Error calling https://pihole.porcupine-coho.ts.net/admin/api.php...
[2024-12-23T05:50:59.688Z] error: <httpProxy> [
  500,
  Error: connect ECONNREFUSED 100.71.251.114:443
      at TCPConnectWrap.afterConnect [as oncomplete] (node:net:1555:16) {
    errno: -111,
    code: 'ECONNREFUSED',
    syscall: 'connect',
    address: '100.71.251.114',
    port: 443
  }
]
[2024-12-23T05:50:59.694Z] error: <httpProxy> Error calling https://pihole.porcupine-coho.ts.net/admin...
[2024-12-23T05:50:59.694Z] error: <httpProxy> [
  500,
  Error: connect ECONNREFUSED 100.71.251.114:443
      at TCPConnectWrap.afterConnect [as oncomplete] (node:net:1555:16) {
    errno: -111,
    code: 'ECONNREFUSED',
    syscall: 'connect',
    address: '100.71.251.114',
    port: 443
  }
]
[2024-12-23T05:51:03.859Z] error: <dockerStatusService> Error: connect ENOENT dockerproxy
    at PipeConnectWrap.afterConnect [as oncomplete] (node:net:1555:16)
[2024-12-23T05:51:03.870Z] error: <httpProxy> Error calling https://pihole.porcupine-coho.ts.net/admin/api.php...
[2024-12-23T05:51:03.871Z] error: <httpProxy> [
  500,
  Error: connect ECONNREFUSED 100.71.251.114:443
      at TCPConnectWrap.afterConnect [as oncomplete] (node:net:1555:16) {
    errno: -111,
    code: 'ECONNREFUSED',
    syscall: 'connect',
    address: '100.71.251.114',
    port: 443
  }
]
[2024-12-23T05:51:03.871Z] error: <httpProxy> Error calling https://pihole.porcupine-coho.ts.net/admin...
[2024-12-23T05:51:03.872Z] error: <httpProxy> [
  500,
  Error: connect ECONNREFUSED 100.71.251.114:443
      at TCPConnectWrap.afterConnect [as oncomplete] (node:net:1555:16) {
    errno: -111,
    code: 'ECONNREFUSED',
    syscall: 'connect',
    address: '100.71.251.114',
    port: 443
  }
]
[2024-12-23T05:51:03.881Z] error: <httpProxy> Error calling https://pihole.porcupine-coho.ts.net/admin...
[2024-12-23T05:51:03.882Z] error: <httpProxy> [
  500,
  Error: connect ECONNREFUSED 100.71.251.114:443
      at TCPConnectWrap.afterConnect [as oncomplete] (node:net:1555:16) {
    errno: -111,
    code: 'ECONNREFUSED',
    syscall: 'connect',
    address: '100.71.251.114',
    port: 443
  }
]
[2024-12-23T05:51:03.961Z] error: <dockerStatusService> Error: connect ENOENT dockerproxy
    at PipeConnectWrap.afterConnect [as oncomplete] (node:net:1555:16)
[2024-12-23T05:51:03.983Z] error: <httpProxy> Error calling https://pihole.porcupine-coho.ts.net/admin...
[2024-12-23T05:51:03.983Z] error: <httpProxy> [
  500,
  Error: connect ECONNREFUSED 100.71.251.114:443
      at TCPConnectWrap.afterConnect [as oncomplete] (node:net:1555:16) {
    errno: -111,
    code: 'ECONNREFUSED',
    syscall: 'connect',
    address: '100.71.251.114',
    port: 443
  }
]
[2024-12-23T05:51:03.986Z] error: <httpProxy> Error calling https://pihole.porcupine-coho.ts.net/admin/api.php...
[2024-12-23T05:51:03.986Z] error: <httpProxy> [
  500,
  Error: connect ECONNREFUSED 100.71.251.114:443
      at TCPConnectWrap.afterConnect [as oncomplete] (node:net:1555:16) {
    errno: -111,
    code: 'ECONNREFUSED',
    syscall: 'connect',
    address: '100.71.251.114',
    port: 443
  }
]
[2024-12-23T05:51:03.988Z] error: <httpProxy> Error calling https://pihole.porcupine-coho.ts.net/admin...
[2024-12-23T05:51:03.988Z] error: <httpProxy> [
  500,
  Error: connect ECONNREFUSED 100.71.251.114:443
      at TCPConnectWrap.afterConnect [as oncomplete] (node:net:1555:16) {
    errno: -111,
    code: 'ECONNREFUSED',
    syscall: 'connect',
    address: '100.71.251.114',
    port: 443
  }
]
[2024-12-23T05:51:04.053Z] error: <dockerStatusService> Error: connect ENOENT dockerproxy
    at PipeConnectWrap.afterConnect [as oncomplete] (node:net:1555:16)
[2024-12-23T05:51:04.074Z] error: <httpProxy> Error calling https://pihole.porcupine-coho.ts.net/admin/api.php...
[2024-12-23T05:51:04.074Z] error: <httpProxy> [
  500,
  Error: connect ECONNREFUSED 100.71.251.114:443
      at TCPConnectWrap.afterConnect [as oncomplete] (node:net:1555:16) {
    errno: -111,
    code: 'ECONNREFUSED',
    syscall: 'connect',
    address: '100.71.251.114',
    port: 443
  }
]
[2024-12-23T05:51:04.091Z] error: <httpProxy> Error calling https://pihole.porcupine-coho.ts.net/admin...
[2024-12-23T05:51:04.092Z] error: <httpProxy> [
  500,
  Error: connect ECONNREFUSED 100.71.251.114:443
      at TCPConnectWrap.afterConnect [as oncomplete] (node:net:1555:16) {
    errno: -111,
    code: 'ECONNREFUSED',
    syscall: 'connect',
    address: '100.71.251.114',
    port: 443
  }
]
[2024-12-23T05:51:04.099Z] error: <httpProxy> Error calling https://pihole.porcupine-coho.ts.net/admin...
[2024-12-23T05:51:04.099Z] error: <httpProxy> [
  500,
  Error: connect ECONNREFUSED 100.71.251.114:443
      at TCPConnectWrap.afterConnect [as oncomplete] (node:net:1555:16) {
    errno: -111,
    code: 'ECONNREFUSED',
    syscall: 'connect',
    address: '100.71.251.114',
    port: 443
  }
]
[2024-12-23T05:51:19.700Z] error: <dockerStatusService> Error: connect ENOENT dockerproxy
    at PipeConnectWrap.afterConnect [as oncomplete] (node:net:1555:16)
[2024-12-23T05:51:19.707Z] error: <httpProxy> Error calling https://pihole.porcupine-coho.ts.net/admin/api.php...
[2024-12-23T05:51:19.707Z] error: <httpProxy> [
  500,
  Error: connect ECONNREFUSED 100.71.251.114:443
      at TCPConnectWrap.afterConnect [as oncomplete] (node:net:1555:16) {
    errno: -111,
    code: 'ECONNREFUSED',
    syscall: 'connect',
    address: '100.71.251.114',
    port: 443
  }
]
[2024-12-23T05:51:19.718Z] error: <httpProxy> Error calling https://pihole.porcupine-coho.ts.net/admin...
[2024-12-23T05:51:19.718Z] error: <httpProxy> [
  500,
  Error: connect ECONNREFUSED 100.71.251.114:443
      at TCPConnectWrap.afterConnect [as oncomplete] (node:net:1555:16) {
    errno: -111,
    code: 'ECONNREFUSED',
    syscall: 'connect',
    address: '100.71.251.114',
    port: 443
  }
]
[2024-12-23T05:51:19.726Z] error: <httpProxy> Error calling https://pihole.porcupine-coho.ts.net/admin...
[2024-12-23T05:51:19.727Z] error: <httpProxy> [
  500,
  Error: connect ECONNREFUSED 100.71.251.114:443
      at TCPConnectWrap.afterConnect [as oncomplete] (node:net:1555:16) {
    errno: -111,
    code: 'ECONNREFUSED',
    syscall: 'connect',
    address: '100.71.251.114',
    port: 443
  }
]
[2024-12-23T05:51:34.618Z] error: <httpProxy> Error calling https://pihole.porcupine-coho.ts.net/admin...
[2024-12-23T05:51:34.620Z] error: <httpProxy> [
  500,
  Error: connect ECONNREFUSED 100.71.251.114:443
      at TCPConnectWrap.afterConnect [as oncomplete] (node:net:1555:16) {
    errno: -111,
    code: 'ECONNREFUSED',
    syscall: 'connect',
    address: '100.71.251.114',
    port: 443
  }
]
[2024-12-23T05:51:34.632Z] error: <httpProxy> Error calling https://pihole.porcupine-coho.ts.net/admin...
[2024-12-23T05:51:34.632Z] error: <httpProxy> [
  500,
  Error: connect ECONNREFUSED 100.71.251.114:443
      at TCPConnectWrap.afterConnect [as oncomplete] (node:net:1555:16) {
    errno: -111,
    code: 'ECONNREFUSED',
    syscall: 'connect',
    address: '100.71.251.114',
    port: 443
  }
]
[2024-12-23T05:52:03.817Z] error: <httpProxy> Error calling https://pihole.porcupine-coho.ts.net/admin...
[2024-12-23T05:52:03.819Z] error: <httpProxy> [
  500,
  Error: connect ECONNREFUSED 100.71.251.114:443
      at TCPConnectWrap.afterConnect [as oncomplete] (node:net:1555:16) {
    errno: -111,
    code: 'ECONNREFUSED',
    syscall: 'connect',
    address: '100.71.251.114',
    port: 443
  }
]
[2024-12-23T05:52:03.838Z] error: <httpProxy> Error calling https://pihole.porcupine-coho.ts.net/admin...
[2024-12-23T05:52:03.838Z] error: <httpProxy> [
  500,
  Error: connect ECONNREFUSED 100.71.251.114:443
      at TCPConnectWrap.afterConnect [as oncomplete] (node:net:1555:16) {
    errno: -111,
    code: 'ECONNREFUSED',
    syscall: 'connect',
    address: '100.71.251.114',
    port: 443
  }
]
[2024-12-23T05:52:04.283Z] error: <dockerStatusService> Error: connect ENOENT dockerproxy
    at PipeConnectWrap.afterConnect [as oncomplete] (node:net:1555:16)
[2024-12-23T05:52:04.308Z] error: <httpProxy> Error calling https://pihole.porcupine-coho.ts.net/admin/api.php...
[2024-12-23T05:52:04.308Z] error: <httpProxy> [
  500,
  Error: connect ECONNREFUSED 100.71.251.114:443
      at TCPConnectWrap.afterConnect [as oncomplete] (node:net:1555:16) {
    errno: -111,
    code: 'ECONNREFUSED',
    syscall: 'connect',
    address: '100.71.251.114',
    port: 443
  }
]
[2024-12-23T05:52:04.321Z] error: <httpProxy> Error calling https://pihole.porcupine-coho.ts.net/admin...
[2024-12-23T05:52:04.322Z] error: <httpProxy> [
  500,
  Error: connect ECONNREFUSED 100.71.251.114:443
      at TCPConnectWrap.afterConnect [as oncomplete] (node:net:1555:16) {
    errno: -111,
    code: 'ECONNREFUSED',
    syscall: 'connect',
    address: '100.71.251.114',
    port: 443
  }
]
[2024-12-23T05:52:04.330Z] error: <httpProxy> Error calling https://pihole.porcupine-coho.ts.net/admin...
[2024-12-23T05:52:04.330Z] error: <httpProxy> [
  500,
  Error: connect ECONNREFUSED 100.71.251.114:443
      at TCPConnectWrap.afterConnect [as oncomplete] (node:net:1555:16) {
    errno: -111,
    code: 'ECONNREFUSED',
    syscall: 'connect',
    address: '100.71.251.114',
    port: 443
  }
]
[2024-12-23T05:53:19.809Z] error: <httpProxy> Error calling https://pihole.porcupine-coho.ts.net/admin...
[2024-12-23T05:53:19.811Z] error: <httpProxy> [
  500,
  Error: connect ECONNREFUSED 100.71.251.114:443
      at TCPConnectWrap.afterConnect [as oncomplete] (node:net:1555:16) {
    errno: -111,
    code: 'ECONNREFUSED',
    syscall: 'connect',
    address: '100.71.251.114',
    port: 443
  }
]
[2024-12-23T05:53:19.815Z] error: <httpProxy> Error calling https://pihole.porcupine-coho.ts.net/admin...
[2024-12-23T05:53:19.815Z] error: <httpProxy> [
  500,
  Error: connect ECONNREFUSED 100.71.251.114:443
      at TCPConnectWrap.afterConnect [as oncomplete] (node:net:1555:16) {
    errno: -111,
    code: 'ECONNREFUSED',
    syscall: 'connect',
    address: '100.71.251.114',
    port: 443
  }
]
[2024-12-23T05:53:42.023Z] error: <httpProxy> Error calling https://pihole.porcupine-coho.ts.net/admin...
[2024-12-23T05:53:42.023Z] error: <httpProxy> [
  500,
  Error: connect ECONNREFUSED 100.71.251.114:443
      at TCPConnectWrap.afterConnect [as oncomplete] (node:net:1555:16) {
    errno: -111,
    code: 'ECONNREFUSED',
    syscall: 'connect',
    address: '100.71.251.114',
    port: 443
  }
]
[2024-12-23T05:53:42.026Z] error: <httpProxy> Error calling https://pihole.porcupine-coho.ts.net/admin...
[2024-12-23T05:53:42.026Z] error: <httpProxy> [
  500,
  Error: connect ECONNREFUSED 100.71.251.114:443
      at TCPConnectWrap.afterConnect [as oncomplete] (node:net:1555:16) {
    errno: -111,
    code: 'ECONNREFUSED',
    syscall: 'connect',
    address: '100.71.251.114',
    port: 443
  }
]
[2024-12-23T05:54:12.047Z] error: <httpProxy> Error calling https://pihole.porcupine-coho.ts.net/admin...
[2024-12-23T05:54:12.048Z] error: <httpProxy> [
  500,
  Error: connect ECONNREFUSED 100.71.251.114:443
      at TCPConnectWrap.afterConnect [as oncomplete] (node:net:1555:16) {
    errno: -111,
    code: 'ECONNREFUSED',
    syscall: 'connect',
    address: '100.71.251.114',
    port: 443
  }
]
[2024-12-23T05:54:12.052Z] error: <httpProxy> Error calling https://pihole.porcupine-coho.ts.net/admin...
[2024-12-23T05:54:12.052Z] error: <httpProxy> [
  500,
  Error: connect ECONNREFUSED 100.71.251.114:443
      at TCPConnectWrap.afterConnect [as oncomplete] (node:net:1555:16) {
    errno: -111,
    code: 'ECONNREFUSED',
    syscall: 'connect',
    address: '100.71.251.114',
    port: 443
  }
]
[2024-12-23T05:54:42.070Z] error: <httpProxy> Error calling https://pihole.porcupine-coho.ts.net/admin...
[2024-12-23T05:54:42.070Z] error: <httpProxy> [
  500,
  Error: connect ECONNREFUSED 100.71.251.114:443
      at TCPConnectWrap.afterConnect [as oncomplete] (node:net:1555:16) {
    errno: -111,
    code: 'ECONNREFUSED',
    syscall: 'connect',
    address: '100.71.251.114',
    port: 443
  }
]
[2024-12-23T05:54:42.076Z] error: <httpProxy> Error calling https://pihole.porcupine-coho.ts.net/admin...
[2024-12-23T05:54:42.076Z] error: <httpProxy> [
  500,
  Error: connect ECONNREFUSED 100.71.251.114:443
      at TCPConnectWrap.afterConnect [as oncomplete] (node:net:1555:16) {
    errno: -111,
    code: 'ECONNREFUSED',
    syscall: 'connect',
    address: '100.71.251.114',
    port: 443
  }
]
[2024-12-23T05:55:12.099Z] error: <httpProxy> Error calling https://pihole.porcupine-coho.ts.net/admin...
[2024-12-23T05:55:12.100Z] error: <httpProxy> [
  500,
  Error: connect ECONNREFUSED 100.71.251.114:443
      at TCPConnectWrap.afterConnect [as oncomplete] (node:net:1555:16) {
    errno: -111,
    code: 'ECONNREFUSED',
    syscall: 'connect',
    address: '100.71.251.114',
    port: 443
  }
]
[2024-12-23T05:55:12.106Z] error: <httpProxy> Error calling https://pihole.porcupine-coho.ts.net/admin...
[2024-12-23T05:55:12.106Z] error: <httpProxy> [
  500,
  Error: connect ECONNREFUSED 100.71.251.114:443
      at TCPConnectWrap.afterConnect [as oncomplete] (node:net:1555:16) {
    errno: -111,
    code: 'ECONNREFUSED',
    syscall: 'connect',
    address: '100.71.251.114',
    port: 443
  }
]
[2024-12-23T05:55:42.129Z] error: <httpProxy> Error calling https://pihole.porcupine-coho.ts.net/admin...
[2024-12-23T05:55:42.130Z] error: <httpProxy> [
  500,
  Error: connect ECONNREFUSED 100.71.251.114:443
      at TCPConnectWrap.afterConnect [as oncomplete] (node:net:1555:16) {
    errno: -111,
    code: 'ECONNREFUSED',
    syscall: 'connect',
    address: '100.71.251.114',
    port: 443
  }
]
[2024-12-23T05:55:42.133Z] error: <httpProxy> Error calling https://pihole.porcupine-coho.ts.net/admin...
[2024-12-23T05:55:42.133Z] error: <httpProxy> [
  500,
  Error: connect ECONNREFUSED 100.71.251.114:443
      at TCPConnectWrap.afterConnect [as oncomplete] (node:net:1555:16) {
    errno: -111,
    code: 'ECONNREFUSED',
    syscall: 'connect',
    address: '100.71.251.114',
    port: 443
  }
]
[2024-12-23T05:56:12.155Z] error: <httpProxy> Error calling https://pihole.porcupine-coho.ts.net/admin...
[2024-12-23T05:56:12.156Z] error: <httpProxy> [
  500,
  Error: connect ECONNREFUSED 100.71.251.114:443
      at TCPConnectWrap.afterConnect [as oncomplete] (node:net:1555:16) {
    errno: -111,
    code: 'ECONNREFUSED',
    syscall: 'connect',
    address: '100.71.251.114',
    port: 443
  }
]
[2024-12-23T05:56:12.162Z] error: <httpProxy> Error calling https://pihole.porcupine-coho.ts.net/admin...
[2024-12-23T05:56:12.162Z] error: <httpProxy> [
  500,
  Error: connect ECONNREFUSED 100.71.251.114:443
      at TCPConnectWrap.afterConnect [as oncomplete] (node:net:1555:16) {
    errno: -111,
    code: 'ECONNREFUSED',
    syscall: 'connect',
    address: '100.71.251.114',
    port: 443
  }
]
[2024-12-23T05:56:42.184Z] error: <httpProxy> Error calling https://pihole.porcupine-coho.ts.net/admin...
[2024-12-23T05:56:42.184Z] error: <httpProxy> [
  500,
  Error: connect ECONNREFUSED 100.71.251.114:443
      at TCPConnectWrap.afterConnect [as oncomplete] (node:net:1555:16) {
    errno: -111,
    code: 'ECONNREFUSED',
    syscall: 'connect',
    address: '100.71.251.114',
    port: 443
  }
]
[2024-12-23T05:56:42.187Z] error: <httpProxy> Error calling https://pihole.porcupine-coho.ts.net/admin...
[2024-12-23T05:56:42.187Z] error: <httpProxy> [
  500,
  Error: connect ECONNREFUSED 100.71.251.114:443
      at TCPConnectWrap.afterConnect [as oncomplete] (node:net:1555:16) {
    errno: -111,
    code: 'ECONNREFUSED',
    syscall: 'connect',
    address: '100.71.251.114',
    port: 443
  }
]
[2024-12-23T05:57:20.129Z] error: <httpProxy> Error calling https://pihole.porcupine-coho.ts.net/admin...
[2024-12-23T05:57:20.131Z] error: <httpProxy> [
  500,
  Error: connect ECONNREFUSED 100.71.251.114:443
      at TCPConnectWrap.afterConnect [as oncomplete] (node:net:1555:16) {
    errno: -111,
    code: 'ECONNREFUSED',
    syscall: 'connect',
    address: '100.71.251.114',
    port: 443
  }
]
[2024-12-23T05:57:20.137Z] error: <httpProxy> Error calling https://pihole.porcupine-coho.ts.net/admin...
[2024-12-23T05:57:20.137Z] error: <httpProxy> [
  500,
  Error: connect ECONNREFUSED 100.71.251.114:443
      at TCPConnectWrap.afterConnect [as oncomplete] (node:net:1555:16) {
    errno: -111,
    code: 'ECONNREFUSED',
    syscall: 'connect',
    address: '100.71.251.114',
    port: 443
  }
]
[2024-12-23T05:57:50.156Z] error: <httpProxy> Error calling https://pihole.porcupine-coho.ts.net/admin...
[2024-12-23T05:57:50.157Z] error: <httpProxy> [
  500,
  Error: connect ECONNREFUSED 100.71.251.114:443
      at TCPConnectWrap.afterConnect [as oncomplete] (node:net:1555:16) {
    errno: -111,
    code: 'ECONNREFUSED',
    syscall: 'connect',
    address: '100.71.251.114',
    port: 443
  }
]
[2024-12-23T05:57:50.159Z] error: <httpProxy> Error calling https://pihole.porcupine-coho.ts.net/admin...
[2024-12-23T05:57:50.160Z] error: <httpProxy> [
  500,
  Error: connect ECONNREFUSED 100.71.251.114:443
      at TCPConnectWrap.afterConnect [as oncomplete] (node:net:1555:16) {
    errno: -111,
    code: 'ECONNREFUSED',
    syscall: 'connect',
    address: '100.71.251.114',
    port: 443
  }
]
[2024-12-23T05:58:20.176Z] error: <httpProxy> Error calling https://pihole.porcupine-coho.ts.net/admin...
[2024-12-23T05:58:20.176Z] error: <httpProxy> [
  500,
  Error: connect ECONNREFUSED 100.71.251.114:443
      at TCPConnectWrap.afterConnect [as oncomplete] (node:net:1555:16) {
    errno: -111,
    code: 'ECONNREFUSED',
    syscall: 'connect',
    address: '100.71.251.114',
    port: 443
  }
]
[2024-12-23T05:58:20.180Z] error: <httpProxy> Error calling https://pihole.porcupine-coho.ts.net/admin...
[2024-12-23T05:58:20.180Z] error: <httpProxy> [
  500,
  Error: connect ECONNREFUSED 100.71.251.114:443
      at TCPConnectWrap.afterConnect [as oncomplete] (node:net:1555:16) {
    errno: -111,
    code: 'ECONNREFUSED',
    syscall: 'connect',
    address: '100.71.251.114',
    port: 443
  }
]
[2024-12-23T05:58:50.198Z] error: <httpProxy> Error calling https://pihole.porcupine-coho.ts.net/admin...
[2024-12-23T05:58:50.198Z] error: <httpProxy> [
  500,
  Error: connect ECONNREFUSED 100.71.251.114:443
      at TCPConnectWrap.afterConnect [as oncomplete] (node:net:1555:16) {
    errno: -111,
    code: 'ECONNREFUSED',
    syscall: 'connect',
    address: '100.71.251.114',
    port: 443
  }
]
[2024-12-23T05:58:50.201Z] error: <httpProxy> Error calling https://pihole.porcupine-coho.ts.net/admin...
[2024-12-23T05:58:50.201Z] error: <httpProxy> [
  500,
  Error: connect ECONNREFUSED 100.71.251.114:443
      at TCPConnectWrap.afterConnect [as oncomplete] (node:net:1555:16) {
    errno: -111,
    code: 'ECONNREFUSED',
    syscall: 'connect',
    address: '100.71.251.114',
    port: 443
  }
]
[2024-12-23T05:59:20.224Z] error: <httpProxy> Error calling https://pihole.porcupine-coho.ts.net/admin...
[2024-12-23T05:59:20.224Z] error: <httpProxy> [
  500,
  Error: connect ECONNREFUSED 100.71.251.114:443
      at TCPConnectWrap.afterConnect [as oncomplete] (node:net:1555:16) {
    errno: -111,
    code: 'ECONNREFUSED',
    syscall: 'connect',
    address: '100.71.251.114',
    port: 443
  }
]
[2024-12-23T05:59:20.227Z] error: <httpProxy> Error calling https://pihole.porcupine-coho.ts.net/admin...
[2024-12-23T05:59:20.228Z] error: <httpProxy> [
  500,
  Error: connect ECONNREFUSED 100.71.251.114:443
      at TCPConnectWrap.afterConnect [as oncomplete] (node:net:1555:16) {
    errno: -111,
    code: 'ECONNREFUSED',
    syscall: 'connect',
    address: '100.71.251.114',
    port: 443
  }
]
[2024-12-23T05:59:50.243Z] error: <httpProxy> Error calling https://pihole.porcupine-coho.ts.net/admin...
[2024-12-23T05:59:50.244Z] error: <httpProxy> [
  500,
  Error: connect ECONNREFUSED 100.71.251.114:443
      at TCPConnectWrap.afterConnect [as oncomplete] (node:net:1555:16) {
    errno: -111,
    code: 'ECONNREFUSED',
    syscall: 'connect',
    address: '100.71.251.114',
    port: 443
  }
]
[2024-12-23T05:59:50.246Z] error: <httpProxy> Error calling https://pihole.porcupine-coho.ts.net/admin...
[2024-12-23T05:59:50.247Z] error: <httpProxy> [
  500,
  Error: connect ECONNREFUSED 100.71.251.114:443
      at TCPConnectWrap.afterConnect [as oncomplete] (node:net:1555:16) {
    errno: -111,
    code: 'ECONNREFUSED',
    syscall: 'connect',
    address: '100.71.251.114',
    port: 443
  }
]
[2024-12-23T06:00:20.260Z] error: <httpProxy> Error calling https://pihole.porcupine-coho.ts.net/admin...
[2024-12-23T06:00:20.260Z] error: <httpProxy> [
  500,
  Error: connect ECONNREFUSED 100.71.251.114:443
      at TCPConnectWrap.afterConnect [as oncomplete] (node:net:1555:16) {
    errno: -111,
    code: 'ECONNREFUSED',
    syscall: 'connect',
    address: '100.71.251.114',
    port: 443
  }
]
[2024-12-23T06:00:20.263Z] error: <httpProxy> Error calling https://pihole.porcupine-coho.ts.net/admin...
[2024-12-23T06:00:20.263Z] error: <httpProxy> [
  500,
  Error: connect ECONNREFUSED 100.71.251.114:443
      at TCPConnectWrap.afterConnect [as oncomplete] (node:net:1555:16) {
    errno: -111,
    code: 'ECONNREFUSED',
    syscall: 'connect',
    address: '100.71.251.114',
    port: 443
  }
]
[2024-12-23T06:00:50.277Z] error: <httpProxy> Error calling https://pihole.porcupine-coho.ts.net/admin...
[2024-12-23T06:00:50.277Z] error: <httpProxy> [
  500,
  Error: connect ECONNREFUSED 100.71.251.114:443
      at TCPConnectWrap.afterConnect [as oncomplete] (node:net:1555:16) {
    errno: -111,
    code: 'ECONNREFUSED',
    syscall: 'connect',
    address: '100.71.251.114',
    port: 443
  }
]
[2024-12-23T06:00:50.281Z] error: <httpProxy> Error calling https://pihole.porcupine-coho.ts.net/admin...
[2024-12-23T06:00:50.281Z] error: <httpProxy> [
  500,
  Error: connect ECONNREFUSED 100.71.251.114:443
      at TCPConnectWrap.afterConnect [as oncomplete] (node:net:1555:16) {
    errno: -111,
    code: 'ECONNREFUSED',
    syscall: 'connect',
    address: '100.71.251.114',
    port: 443
  }
]
[2024-12-23T06:01:20.296Z] error: <httpProxy> Error calling https://pihole.porcupine-coho.ts.net/admin...
[2024-12-23T06:01:20.296Z] error: <httpProxy> [
  500,
  Error: connect ECONNREFUSED 100.71.251.114:443
      at TCPConnectWrap.afterConnect [as oncomplete] (node:net:1555:16) {
    errno: -111,
    code: 'ECONNREFUSED',
    syscall: 'connect',
    address: '100.71.251.114',
    port: 443
  }
]
[2024-12-23T06:01:20.300Z] error: <httpProxy> Error calling https://pihole.porcupine-coho.ts.net/admin...
[2024-12-23T06:01:20.300Z] error: <httpProxy> [
  500,
  Error: connect ECONNREFUSED 100.71.251.114:443
      at TCPConnectWrap.afterConnect [as oncomplete] (node:net:1555:16) {
    errno: -111,
    code: 'ECONNREFUSED',
    syscall: 'connect',
    address: '100.71.251.114',
    port: 443
  }
]
[2024-12-23T06:01:50.312Z] error: <httpProxy> Error calling https://pihole.porcupine-coho.ts.net/admin...
[2024-12-23T06:01:50.312Z] error: <httpProxy> [
  500,
  Error: connect ECONNREFUSED 100.71.251.114:443
      at TCPConnectWrap.afterConnect [as oncomplete] (node:net:1555:16) {
    errno: -111,
    code: 'ECONNREFUSED',
    syscall: 'connect',
    address: '100.71.251.114',
    port: 443
  }
]
[2024-12-23T06:01:50.315Z] error: <httpProxy> Error calling https://pihole.porcupine-coho.ts.net/admin...
[2024-12-23T06:01:50.315Z] error: <httpProxy> [
  500,
  Error: connect ECONNREFUSED 100.71.251.114:443
      at TCPConnectWrap.afterConnect [as oncomplete] (node:net:1555:16) {
    errno: -111,
    code: 'ECONNREFUSED',
    syscall: 'connect',
    address: '100.71.251.114',
    port: 443
  }
]
[2024-12-23T06:02:20.329Z] error: <httpProxy> Error calling https://pihole.porcupine-coho.ts.net/admin...
[2024-12-23T06:02:20.329Z] error: <httpProxy> [
  500,
  Error: connect ECONNREFUSED 100.71.251.114:443
      at TCPConnectWrap.afterConnect [as oncomplete] (node:net:1555:16) {
    errno: -111,
    code: 'ECONNREFUSED',
    syscall: 'connect',
    address: '100.71.251.114',
    port: 443
  }
]
[2024-12-23T06:02:20.331Z] error: <httpProxy> Error calling https://pihole.porcupine-coho.ts.net/admin...
[2024-12-23T06:02:20.332Z] error: <httpProxy> [
  500,
  Error: connect ECONNREFUSED 100.71.251.114:443
      at TCPConnectWrap.afterConnect [as oncomplete] (node:net:1555:16) {
    errno: -111,
    code: 'ECONNREFUSED',
    syscall: 'connect',
    address: '100.71.251.114',
    port: 443
  }
]
[2024-12-23T06:02:23.281Z] error: <dockerStatusService> Error: connect ENOENT dockerproxy
    at PipeConnectWrap.afterConnect [as oncomplete] (node:net:1555:16)
[2024-12-23T06:02:23.409Z] error: <httpProxy> Error calling https://pihole.porcupine-coho.ts.net/admin/api.php...
[2024-12-23T06:02:23.410Z] error: <httpProxy> [
  500,
  Error: connect ECONNREFUSED 100.71.251.114:443
      at TCPConnectWrap.afterConnect [as oncomplete] (node:net:1555:16) {
    errno: -111,
    code: 'ECONNREFUSED',
    syscall: 'connect',
    address: '100.71.251.114',
    port: 443
  }
]
[2024-12-23T06:02:23.471Z] error: <httpProxy> Error calling https://pihole.porcupine-coho.ts.net/admin...
[2024-12-23T06:02:23.471Z] error: <httpProxy> [
  500,
  Error: connect ECONNREFUSED 100.71.251.114:443
      at TCPConnectWrap.afterConnect [as oncomplete] (node:net:1555:16) {
    errno: -111,
    code: 'ECONNREFUSED',
    syscall: 'connect',
    address: '100.71.251.114',
    port: 443
  }
]
[2024-12-23T06:02:23.500Z] error: <httpProxy> Error calling https://pihole.porcupine-coho.ts.net/admin...
[2024-12-23T06:02:23.500Z] error: <httpProxy> [
  500,
  Error: connect ECONNREFUSED 100.71.251.114:443
      at TCPConnectWrap.afterConnect [as oncomplete] (node:net:1555:16) {
    errno: -111,
    code: 'ECONNREFUSED',
    syscall: 'connect',
    address: '100.71.251.114',
    port: 443
  }
]
[2024-12-23T06:02:23.775Z] error: <dockerStatusService> Error: connect ENOENT dockerproxy
    at PipeConnectWrap.afterConnect [as oncomplete] (node:net:1555:16)
[2024-12-23T06:02:23.785Z] error: <httpProxy> Error calling https://pihole.porcupine-coho.ts.net/admin...
[2024-12-23T06:02:23.785Z] error: <httpProxy> [
  500,
  Error: connect ECONNREFUSED 100.71.251.114:443
      at TCPConnectWrap.afterConnect [as oncomplete] (node:net:1555:16) {
    errno: -111,
    code: 'ECONNREFUSED',
    syscall: 'connect',
    address: '100.71.251.114',
    port: 443
  }
]
[2024-12-23T06:02:23.787Z] error: <httpProxy> Error calling https://pihole.porcupine-coho.ts.net/admin/api.php...
[2024-12-23T06:02:23.787Z] error: <httpProxy> [
  500,
  Error: connect ECONNREFUSED 100.71.251.114:443
      at TCPConnectWrap.afterConnect [as oncomplete] (node:net:1555:16) {
    errno: -111,
    code: 'ECONNREFUSED',
    syscall: 'connect',
    address: '100.71.251.114',
    port: 443
  }
]
[2024-12-23T06:02:23.793Z] error: <httpProxy> Error calling https://pihole.porcupine-coho.ts.net/admin...
[2024-12-23T06:02:23.793Z] error: <httpProxy> [
  500,
  Error: connect ECONNREFUSED 100.71.251.114:443
      at TCPConnectWrap.afterConnect [as oncomplete] (node:net:1555:16) {
    errno: -111,
    code: 'ECONNREFUSED',
    syscall: 'connect',
    address: '100.71.251.114',
    port: 443
  }
]
[2024-12-23T16:47:35.170Z] error: <dockerStatusService> Error: connect ENOENT dockerproxy
    at PipeConnectWrap.afterConnect [as oncomplete] (node:net:1555:16)
[2024-12-23T16:47:35.236Z] error: <httpProxy> Error calling https://pihole.porcupine-coho.ts.net/admin...
[2024-12-23T16:47:35.237Z] error: <httpProxy> [
  500,
  Error: connect ECONNREFUSED 100.71.251.114:443
      at TCPConnectWrap.afterConnect [as oncomplete] (node:net:1555:16) {
    errno: -111,
    code: 'ECONNREFUSED',
    syscall: 'connect',
    address: '100.71.251.114',
    port: 443
  }
]
[2024-12-23T16:47:35.243Z] error: <httpProxy> Error calling https://pihole.porcupine-coho.ts.net/admin...
[2024-12-23T16:47:35.244Z] error: <httpProxy> [
  500,
  Error: connect ECONNREFUSED 100.71.251.114:443
      at TCPConnectWrap.afterConnect [as oncomplete] (node:net:1555:16) {
    errno: -111,
    code: 'ECONNREFUSED',
    syscall: 'connect',
    address: '100.71.251.114',
    port: 443
  }
]
[2024-12-23T16:47:35.249Z] error: <httpProxy> Error calling https://pihole.porcupine-coho.ts.net/admin/api.php...
[2024-12-23T16:47:35.249Z] error: <httpProxy> [
  500,
  Error: connect ECONNREFUSED 100.71.251.114:443
      at TCPConnectWrap.afterConnect [as oncomplete] (node:net:1555:16) {
    errno: -111,
    code: 'ECONNREFUSED',
    syscall: 'connect',
    address: '100.71.251.114',
    port: 443
  }
]
[2024-12-23T16:55:51.755Z] error: <dockerStatusService> Error: connect ENOENT dockerproxy
    at PipeConnectWrap.afterConnect [as oncomplete] (node:net:1555:16)
[2024-12-23T16:55:51.782Z] error: <httpProxy> Error calling https://pihole.porcupine-coho.ts.net/admin...
[2024-12-23T16:55:51.782Z] error: <httpProxy> [
  500,
  Error: connect ECONNREFUSED 100.71.251.114:443
      at TCPConnectWrap.afterConnect [as oncomplete] (node:net:1555:16) {
    errno: -111,
    code: 'ECONNREFUSED',
    syscall: 'connect',
    address: '100.71.251.114',
    port: 443
  }
]
[2024-12-23T16:55:51.788Z] error: <httpProxy> Error calling https://pihole.porcupine-coho.ts.net/admin/api.php...
[2024-12-23T16:55:51.789Z] error: <httpProxy> [
  500,
  Error: connect ECONNREFUSED 100.71.251.114:443
      at TCPConnectWrap.afterConnect [as oncomplete] (node:net:1555:16) {
    errno: -111,
    code: 'ECONNREFUSED',
    syscall: 'connect',
    address: '100.71.251.114',
    port: 443
  }
]
[2024-12-23T16:55:51.802Z] error: <httpProxy> Error calling https://pihole.porcupine-coho.ts.net/admin...
[2024-12-23T16:55:51.802Z] error: <httpProxy> [
  500,
  Error: connect ECONNREFUSED 100.71.251.114:443
      at TCPConnectWrap.afterConnect [as oncomplete] (node:net:1555:16) {
    errno: -111,
    code: 'ECONNREFUSED',
    syscall: 'connect',
    address: '100.71.251.114',
    port: 443
  }
]
[2024-12-23T22:41:08.554Z] error: <dockerStatusService> Error: connect ENOENT dockerproxy
    at PipeConnectWrap.afterConnect [as oncomplete] (node:net:1555:16)
[2024-12-23T22:41:08.570Z] error: <httpProxy> Error calling https://pihole.porcupine-coho.ts.net/admin...
[2024-12-23T22:41:08.570Z] error: <httpProxy> [
  500,
  Error: connect ECONNREFUSED 100.71.251.114:443
      at TCPConnectWrap.afterConnect [as oncomplete] (node:net:1555:16) {
    errno: -111,
    code: 'ECONNREFUSED',
    syscall: 'connect',
    address: '100.71.251.114',
    port: 443
  }
]
[2024-12-23T22:41:08.574Z] error: <httpProxy> Error calling https://pihole.porcupine-coho.ts.net/admin/api.php...
[2024-12-23T22:41:08.574Z] error: <httpProxy> [
  500,
  Error: connect ECONNREFUSED 100.71.251.114:443
      at TCPConnectWrap.afterConnect [as oncomplete] (node:net:1555:16) {
    errno: -111,
    code: 'ECONNREFUSED',
    syscall: 'connect',
    address: '100.71.251.114',
    port: 443
  }
]
[2024-12-23T22:41:08.575Z] error: <httpProxy> Error calling https://pihole.porcupine-coho.ts.net/admin...
[2024-12-23T22:41:08.575Z] error: <httpProxy> [
  500,
  Error: connect ECONNREFUSED 100.71.251.114:443
      at TCPConnectWrap.afterConnect [as oncomplete] (node:net:1555:16) {
    errno: -111,
    code: 'ECONNREFUSED',
    syscall: 'connect',
    address: '100.71.251.114',
    port: 443
  }
]
